--------------------------------- Version Log ----------------------------------
Version                                 Path
System Generator 2021.1                 /tools/Xilinx/Vivado/2021.1
Matlab 9.10.0.2198249 (R2021a) Update 8 /usr/local/MATLAB/R2021a
Vivado 2021.1                           /tools/Xilinx/Vivado/2021.1
--------------------------------------------------------------------------------
Summary of Errors:
Error 0001: Undriven input port
     Block: 'rfdc_10x1/ram_dac2/even/sim_mem/sim_addr'
Error 0002: Undriven input port
     Block: 'rfdc_10x1/ram_dac3/even/calc_add/convert_addr'
Error 0003: Undriven input port
     Block: 'rfdc_10x1/ram_dac3/even/sim_mem/sim_addr'
Error 0004: Undriven input port
     Block: 'rfdc_10x1/ram_dac4/even/calc_add/convert_addr'
Error 0005: Undriven input port
     Block: 'rfdc_10x1/ram_trig/even/calc_add/convert_addr'
Error 0006: Undriven input port
     Block: 'rfdc_10x1/ram_trig/even/sim_mem/sim_addr'
Error 0007: Undriven input port
     Block: 'rfdc_10x1/ram_dac2/even/calc_add/convert_addr'
Error 0008: Undriven input port
     Block: 'rfdc_10x1/ram_dac1/even/calc_add/convert_addr'
Error 0009: Undriven input port
     Block: 'rfdc_10x1/ram_dac1/even/sim_mem/sim_addr'
Error 0010: Undriven input port
     Block: 'rfdc_10x1/ram_dac4/even/sim_mem/sim_addr'
Error 0011: Undriven input port
     Block: 'rfdc_10x1/ram_dac5/even/calc_add/convert_addr'
Error 0012: Undriven input port
     Block: 'rfdc_10x1/ram_dac5/even/sim_mem/sim_addr'
Error 0013: Undriven input port
     Block: 'rfdc_10x1/ram_dac6/even/calc_add/convert_addr'
Error 0014: Undriven input port
     Block: 'rfdc_10x1/ram_dac6/even/sim_mem/sim_addr'
Error 0015: Undriven input port
     Block: 'rfdc_10x1/ram_dac7/even/calc_add/convert_addr'
Error 0016: Undriven input port
     Block: 'rfdc_10x1/ram_dac7/even/sim_mem/sim_addr'
Error 0017: Undriven input port
     Block: 'rfdc_10x1/ram_dac8/even/calc_add/convert_addr'
Error 0018: Undriven input port
     Block: 'rfdc_10x1/ram_dac8/even/sim_mem/sim_addr'
Error 0019: Undriven input port
     Block: 'rfdc_10x1/ram_dac9/even/calc_add/convert_addr'
Error 0020: Undriven input port
     Block: 'rfdc_10x1/ram_dac9/even/sim_mem/sim_addr'
Error 0021: Undriven input port
     Block: 'rfdc_10x1/ram_dac10/even/calc_add/convert_addr'
Error 0022: Undriven input port
     Block: 'rfdc_10x1/ram_dac10/even/sim_mem/sim_addr'
--------------------------------------------------------------------------------

Error 0001:

Reported by:
  'rfdc_10x1/ram_dac2/even/sim_mem/sim_addr'

Details:
The input ports on this block must be driven by other Xilinx blocks
--------------------------------------------------------------------------------

Error 0001:

Reported by:
  'rfdc_10x1/ram_dac3/even/calc_add/convert_addr'

Details:
The input ports on this block must be driven by other Xilinx blocks
--------------------------------------------------------------------------------

Error 0001:

Reported by:
  'rfdc_10x1/ram_dac3/even/sim_mem/sim_addr'

Details:
The input ports on this block must be driven by other Xilinx blocks
--------------------------------------------------------------------------------

Error 0001:

Reported by:
  'rfdc_10x1/ram_dac4/even/calc_add/convert_addr'

Details:
The input ports on this block must be driven by other Xilinx blocks
--------------------------------------------------------------------------------

Error 0001:

Reported by:
  'rfdc_10x1/ram_trig/even/calc_add/convert_addr'

Details:
The input ports on this block must be driven by other Xilinx blocks
--------------------------------------------------------------------------------

Error 0001:

Reported by:
  'rfdc_10x1/ram_trig/even/sim_mem/sim_addr'

Details:
The input ports on this block must be driven by other Xilinx blocks
--------------------------------------------------------------------------------

Error 0001:

Reported by:
  'rfdc_10x1/ram_dac2/even/calc_add/convert_addr'

Details:
The input ports on this block must be driven by other Xilinx blocks
--------------------------------------------------------------------------------

Error 0001:

Reported by:
  'rfdc_10x1/ram_dac1/even/calc_add/convert_addr'

Details:
The input ports on this block must be driven by other Xilinx blocks
--------------------------------------------------------------------------------

Error 0001:

Reported by:
  'rfdc_10x1/ram_dac1/even/sim_mem/sim_addr'

Details:
The input ports on this block must be driven by other Xilinx blocks
--------------------------------------------------------------------------------

Error 0001:

Reported by:
  'rfdc_10x1/ram_dac4/even/sim_mem/sim_addr'

Details:
The input ports on this block must be driven by other Xilinx blocks
--------------------------------------------------------------------------------

Error 0001:

Reported by:
  'rfdc_10x1/ram_dac5/even/calc_add/convert_addr'

Details:
The input ports on this block must be driven by other Xilinx blocks
--------------------------------------------------------------------------------

Error 0001:

Reported by:
  'rfdc_10x1/ram_dac5/even/sim_mem/sim_addr'

Details:
The input ports on this block must be driven by other Xilinx blocks
--------------------------------------------------------------------------------

Error 0001:

Reported by:
  'rfdc_10x1/ram_dac6/even/calc_add/convert_addr'

Details:
The input ports on this block must be driven by other Xilinx blocks
--------------------------------------------------------------------------------

Error 0001:

Reported by:
  'rfdc_10x1/ram_dac6/even/sim_mem/sim_addr'

Details:
The input ports on this block must be driven by other Xilinx blocks
--------------------------------------------------------------------------------

Error 0001:

Reported by:
  'rfdc_10x1/ram_dac7/even/calc_add/convert_addr'

Details:
The input ports on this block must be driven by other Xilinx blocks
--------------------------------------------------------------------------------

Error 0001:

Reported by:
  'rfdc_10x1/ram_dac7/even/sim_mem/sim_addr'

Details:
The input ports on this block must be driven by other Xilinx blocks
--------------------------------------------------------------------------------

Error 0001:

Reported by:
  'rfdc_10x1/ram_dac8/even/calc_add/convert_addr'

Details:
The input ports on this block must be driven by other Xilinx blocks
--------------------------------------------------------------------------------

Error 0001:

Reported by:
  'rfdc_10x1/ram_dac8/even/sim_mem/sim_addr'

Details:
The input ports on this block must be driven by other Xilinx blocks
--------------------------------------------------------------------------------

Error 0001:

Reported by:
  'rfdc_10x1/ram_dac9/even/calc_add/convert_addr'

Details:
The input ports on this block must be driven by other Xilinx blocks
--------------------------------------------------------------------------------

Error 0001:

Reported by:
  'rfdc_10x1/ram_dac9/even/sim_mem/sim_addr'

Details:
The input ports on this block must be driven by other Xilinx blocks
--------------------------------------------------------------------------------

Error 0001:

Reported by:
  'rfdc_10x1/ram_dac10/even/calc_add/convert_addr'

Details:
The input ports on this block must be driven by other Xilinx blocks
--------------------------------------------------------------------------------

Error 0001:

Reported by:
  'rfdc_10x1/ram_dac10/even/sim_mem/sim_addr'

Details:
The input ports on this block must be driven by other Xilinx blocks
--------------------------------------------------------------------------------
